<?xml version="1.0" encoding="UTF-8"?>
<!-- Generated by org.testng.reporters.JUnitReportReporter -->
<testsuite skipped="0" hostname="PS794016" name="Test.Test2" tests="1" failures="0" timestamp="27 Feb 2020 05:55:58 GMT" time="93.622" errors="0">
  <testcase name="loginpage" time="93.622" classname="Test.Test2"/>
</testsuite> <!-- Test.Test2 -->
