<?xml version="1.0" encoding="UTF-8"?>
<!-- Generated by org.testng.reporters.JUnitReportReporter -->
<testsuite skipped="0" hostname="PS794016" name="Test.CBEMenuBarSection" tests="1" failures="0" timestamp="24 Apr 2020 07:51:03 GMT" time="173.382" errors="0">
  <testcase name="CBEWebpages" time="173.382" classname="Test.CBEMenuBarSection"/>
</testsuite> <!-- Test.CBEMenuBarSection -->
