<?xml version="1.0" encoding="UTF-8"?>
<!-- Generated by org.testng.reporters.JUnitReportReporter -->
<testsuite skipped="0" hostname="PS794016" name="Test.CBEMyAccountSection" tests="1" failures="0" timestamp="24 Apr 2020 07:56:53 GMT" time="258.486" errors="0">
  <testcase name="CBEWebpages" time="258.486" classname="Test.CBEMyAccountSection"/>
</testsuite> <!-- Test.CBEMyAccountSection -->
