<?xml version="1.0" encoding="UTF-8"?>
<!-- Generated by org.testng.reporters.JUnitReportReporter -->
<testsuite skipped="0" hostname="PS794016" name="Test.CBEOrderProcess" tests="1" failures="0" timestamp="24 Apr 2020 09:19:08 GMT" time="125.071" errors="0">
  <testcase name="CBEWebpages" time="125.071" classname="Test.CBEOrderProcess"/>
</testsuite> <!-- Test.CBEOrderProcess -->
