<?xml version="1.0" encoding="UTF-8"?>
<!-- Generated by org.testng.reporters.JUnitReportReporter -->
<testsuite skipped="0" hostname="PS794016" name="Test.CBEOrderProcess" tests="1" failures="0" timestamp="02 Mar 2020 05:24:34 GMT" time="120.714" errors="0">
  <testcase name="loginpage" time="120.714" classname="Test.CBEOrderProcess"/>
</testsuite> <!-- Test.CBEOrderProcess -->
