<?xml version="1.0" encoding="UTF-8"?>
<!-- Generated by org.testng.reporters.JUnitReportReporter -->
<testsuite skipped="0" hostname="PS794016" name="Test.CBEOrderProcess" tests="1" failures="0" timestamp="27 Feb 2020 05:59:02 GMT" time="93.859" errors="0">
  <testcase name="loginpage" time="93.859" classname="Test.CBEOrderProcess"/>
</testsuite> <!-- Test.CBEOrderProcess -->
